Home_Automation/app/build/intermediates/manifest_merge_blame_file/debug/manifest-merger-blame-debug-report.txt
1<?xml version="1.0" encoding="utf-8"?>
2<manifest xmlns:android="http://schemas.android.com/apk/res/android"
3    package="com.example.home_automation"
4    android:versionCode="1"
5    android:versionName="1.0" >
6
7    <uses-sdk
8        android:minSdkVersion="21"
8-->src\main\AndroidManifest.xml
9        android:targetSdkVersion="32" />
9-->src\main\AndroidManifest.xml
10
11    <uses-permission android:name="android.permission.INTERNET" />
11-->src\main\AndroidManifest.xml:4:1-62
11-->src\main\AndroidManifest.xml:4:18-60
12    <uses-permission android:name="android.permission.READ_EXTERNAL_STORAGE" />
12-->src\main\AndroidManifest.xml:5:5-79
12-->src\main\AndroidManifest.xml:5:22-77
13    <uses-permission android:name="android.permission.WRITE_EXTERNAL_STORAGE" />
13-->src\main\AndroidManifest.xml:6:5-97
13-->src\main\AndroidManifest.xml:6:22-78
14
15    <application
15-->src\main\AndroidManifest.xml:8:5-62:19
16        android:allowBackup="true"
16-->src\main\AndroidManifest.xml:12:9-35
17        android:appComponentFactory="android.support.v4.app.CoreComponentFactory"
17-->[com.android.support:support-compat:28.0.0] AndroidManifest.xml:22:18-91
18        android:debuggable="true"
19        android:icon="@mipmap/ic_launcher"
19-->src\main\AndroidManifest.xml:13:9-43
20        android:label="@string/app_name"
20-->src\main\AndroidManifest.xml:14:9-41
21        android:preserveLegacyExternalStorage="true"
21-->src\main\AndroidManifest.xml:11:9-53
22        android:requestLegacyExternalStorage="true"
22-->src\main\AndroidManifest.xml:10:9-52
23        android:roundIcon="@mipmap/ic_launcher_round"
23-->src\main\AndroidManifest.xml:15:9-54
24        android:supportsRtl="true"
24-->src\main\AndroidManifest.xml:16:9-35
25        android:testOnly="true"
26        android:theme="@style/Theme.Home_Automation"
26-->src\main\AndroidManifest.xml:17:9-53
27        android:usesCleartextTraffic="true" >
27-->src\main\AndroidManifest.xml:9:9-44
28        <uses-library
28-->src\main\AndroidManifest.xml:18:9-87
29            android:name="org.apache.http.legacy"
29-->src\main\AndroidManifest.xml:18:23-60
30            android:required="false" />
30-->src\main\AndroidManifest.xml:18:61-85
31
32        <activity
32-->src\main\AndroidManifest.xml:19:9-21:40
33            android:name="com.example.home_automation.user_registration"
33-->src\main\AndroidManifest.xml:20:13-46
34            android:exported="false" />
34-->src\main\AndroidManifest.xml:21:13-37
35        <activity
35-->src\main\AndroidManifest.xml:22:9-25:59
36            android:name="com.example.home_automation.Home"
36-->src\main\AndroidManifest.xml:23:13-33
37            android:exported="false"
37-->src\main\AndroidManifest.xml:24:13-37
38            android:label="@string/title_activity_home" />
38-->src\main\AndroidManifest.xml:25:13-56
39        <activity
39-->src\main\AndroidManifest.xml:26:9-28:40
40            android:name="com.example.home_automation.Device_control"
40-->src\main\AndroidManifest.xml:27:13-43
41            android:exported="false" />
41-->src\main\AndroidManifest.xml:28:13-37
42        <activity
42-->src\main\AndroidManifest.xml:29:9-31:40
43            android:name="com.example.home_automation.View_visitor_log"
43-->src\main\AndroidManifest.xml:30:13-45
44            android:exported="false" />
44-->src\main\AndroidManifest.xml:31:13-37
45        <activity
45-->src\main\AndroidManifest.xml:32:9-34:40
46            android:name="com.example.home_automation.View_familiar_person"
46-->src\main\AndroidManifest.xml:33:13-49
47            android:exported="false" />
47-->src\main\AndroidManifest.xml:34:13-37
48        <activity
48-->src\main\AndroidManifest.xml:35:9-37:40
49            android:name="com.example.home_automation.Add_familiar_person"
49-->src\main\AndroidManifest.xml:36:13-48
50            android:exported="false" />
50-->src\main\AndroidManifest.xml:37:13-37
51        <activity
51-->src\main\AndroidManifest.xml:38:9-40:40
52            android:name="com.example.home_automation.Change_password"
52-->src\main\AndroidManifest.xml:39:13-44
53            android:exported="false" />
53-->src\main\AndroidManifest.xml:40:13-37
54        <activity
54-->src\main\AndroidManifest.xml:41:9-43:40
55            android:name="com.example.home_automation.Login"
55-->src\main\AndroidManifest.xml:42:13-34
56            android:exported="false" />
56-->src\main\AndroidManifest.xml:43:13-37
57        <activity
57-->src\main\AndroidManifest.xml:44:9-52:20
58            android:name="com.example.home_automation.MainActivity"
58-->src\main\AndroidManifest.xml:45:13-41
59            android:exported="true" >
59-->src\main\AndroidManifest.xml:46:13-36
60            <intent-filter>
60-->src\main\AndroidManifest.xml:47:13-51:29
61                <action android:name="android.intent.action.MAIN" />
61-->src\main\AndroidManifest.xml:48:17-69
61-->src\main\AndroidManifest.xml:48:25-66
62
63                <category android:name="android.intent.category.LAUNCHER" />
63-->src\main\AndroidManifest.xml:50:17-77
63-->src\main\AndroidManifest.xml:50:27-74
64            </intent-filter>
65        </activity>
66
67        <!-- <provider android:name="androidx.core.content.FileProvider" -->
68        <!-- android:authorities="com.example.myapp.fileprovider" -->
69        <!-- android:grantUriPermissions="true" -->
70        <!-- android:exported="false"> -->
71        <!-- <meta-data -->
72        <!-- android:name="android.support.FILE_PROVIDER_PATHS" -->
73        <!-- android:resource="@layout/provider_paths" /> </provider> -->
74
75    </application>
76
77</manifest>